TN:
SF:src/config/db.config.js
FNF:0
FNH:0
DA:1,2
DA:3,2
LF:2
LH:2
BRDA:8,0,0,2
BRDA:8,0,1,2
BRF:2
BRH:2
end_of_record
TN:
SF:src/config/openai.config.js
FNF:0
FNH:0
DA:1,0
DA:3,0
LF:2
LH:0
BRF:0
BRH:0
end_of_record
TN:
SF:src/controllers/auth.controller.js
FN:8,(anonymous_0)
FN:61,(anonymous_1)
FNF:2
FNH:2
FNDA:4,(anonymous_0)
FNDA:1,(anonymous_1)
DA:1,1
DA:2,1
DA:3,1
DA:4,1
DA:5,1
DA:8,1
DA:9,4
DA:10,4
DA:13,4
DA:14,1
DA:18,3
DA:27,3
DA:28,1
DA:32,2
DA:33,2
DA:34,1
DA:38,1
DA:45,1
DA:54,0
DA:55,0
DA:61,1
DA:62,1
LF:22
LH:20
BRDA:13,0,0,1
BRDA:13,0,1,3
BRDA:13,1,0,4
BRDA:13,1,1,3
BRDA:27,2,0,1
BRDA:27,2,1,2
BRDA:33,3,0,1
BRDA:33,3,1,1
BRF:8
BRH:8
end_of_record
TN:
SF:src/middlewares/auth.middleware.js
FN:7,(anonymous_0)
FN:29,(anonymous_1)
FN:38,(anonymous_2)
FN:47,(anonymous_3)
FNF:4
FNH:4
FNDA:3,(anonymous_0)
FNDA:2,(anonymous_1)
FNDA:2,(anonymous_2)
FNDA:3,(anonymous_3)
DA:1,1
DA:2,1
DA:3,1
DA:4,1
DA:7,1
DA:9,3
DA:10,3
DA:12,3
DA:13,1
DA:16,2
DA:18,2
DA:19,1
DA:20,1
DA:21,1
DA:23,1
DA:24,1
DA:29,1
DA:30,2
DA:31,1
DA:33,1
DA:38,1
DA:39,2
DA:40,1
DA:42,1
DA:47,1
DA:48,3
DA:49,2
DA:51,1
LF:28
LH:28
BRDA:10,0,0,3
BRDA:10,0,1,2
BRDA:12,1,0,1
BRDA:12,1,1,2
BRDA:30,2,0,1
BRDA:30,2,1,1
BRDA:39,3,0,1
BRDA:39,3,1,1
BRDA:48,4,0,2
BRDA:48,4,1,1
BRDA:48,5,0,3
BRDA:48,5,1,2
BRF:12
BRH:12
end_of_record
TN:
SF:src/models/activity.js
FN:1,(anonymous_0)
FNF:1
FNH:1
FNDA:2,(anonymous_0)
DA:1,2
DA:2,2
DA:54,2
LF:3
LH:3
BRF:0
BRH:0
end_of_record
TN:
SF:src/models/lead.js
FN:1,(anonymous_0)
FNF:1
FNH:1
FNDA:2,(anonymous_0)
DA:1,2
DA:2,2
DA:102,2
LF:3
LH:3
BRF:0
BRH:0
end_of_record
TN:
SF:src/models/leadStatus.js
FN:1,(anonymous_0)
FNF:1
FNH:1
FNDA:2,(anonymous_0)
DA:1,2
DA:2,2
DA:25,2
LF:3
LH:3
BRF:0
BRH:0
end_of_record
TN:
SF:src/models/role.js
FN:1,(anonymous_0)
FNF:1
FNH:1
FNDA:2,(anonymous_0)
DA:1,2
DA:2,2
DA:20,2
LF:3
LH:3
BRF:0
BRH:0
end_of_record
TN:
SF:src/models/task.js
FN:1,(anonymous_0)
FNF:1
FNH:1
FNDA:2,(anonymous_0)
DA:1,2
DA:2,2
DA:50,2
LF:3
LH:3
BRF:0
BRH:0
end_of_record
TN:
SF:src/models/user.js
FN:1,(anonymous_0)
FNF:1
FNH:1
FNDA:2,(anonymous_0)
DA:1,2
DA:2,2
DA:43,2
LF:3
LH:3
BRF:0
BRH:0
end_of_record
TN:
SF:src/routes/activity.routes.js
FNF:0
FNH:0
DA:1,0
DA:2,0
DA:12,0
LF:3
LH:0
BRF:0
BRH:0
end_of_record
TN:
SF:src/routes/ai.routes.js
FNF:0
FNH:0
DA:1,0
DA:2,0
DA:14,0
LF:3
LH:0
BRF:0
BRH:0
end_of_record
TN:
SF:src/routes/auth.routes.js
FNF:0
FNH:0
DA:1,1
DA:2,1
DA:3,1
DA:6,1
DA:7,1
DA:9,1
LF:6
LH:6
BRF:0
BRH:0
end_of_record
TN:
SF:src/routes/lead.routes.js
FNF:0
FNH:0
DA:1,0
DA:2,0
DA:16,0
LF:3
LH:0
BRF:0
BRH:0
end_of_record
TN:
SF:src/routes/task.routes.js
FNF:0
FNH:0
DA:1,0
DA:2,0
DA:13,0
LF:3
LH:0
BRF:0
BRH:0
end_of_record
TN:
SF:src/routes/user.routes.js
FNF:0
FNH:0
DA:1,0
DA:2,0
DA:13,0
LF:3
LH:0
BRF:0
BRH:0
end_of_record
TN:
SF:src/scripts/checkSeededData.js
FN:7,(anonymous_0)
FN:14,(anonymous_1)
FN:19,(anonymous_2)
FNF:3
FNH:0
FNDA:0,(anonymous_0)
FNDA:0,(anonymous_1)
FNDA:0,(anonymous_2)
DA:1,0
DA:2,0
DA:7,0
DA:8,0
DA:9,0
DA:12,0
DA:13,0
DA:14,0
DA:17,0
DA:18,0
DA:19,0
DA:21,0
DA:23,0
DA:24,0
DA:28,0
LF:15
LH:0
BRF:0
BRH:0
end_of_record
TN:
SF:src/scripts/seedUsers.js
FN:7,seedRoles
FN:27,seedUsers
FN:68,seed
FNF:3
FNH:0
FNDA:0,seedRoles
FNDA:0,seedUsers
FNDA:0,seed
DA:1,0
DA:2,0
DA:3,0
DA:4,0
DA:8,0
DA:10,0
DA:11,0
DA:13,0
DA:17,0
DA:19,0
DA:22,0
DA:28,0
DA:30,0
DA:31,0
DA:33,0
DA:34,0
DA:36,0
DA:37,0
DA:38,0
DA:42,0
DA:58,0
DA:60,0
DA:63,0
DA:69,0
DA:70,0
DA:71,0
DA:72,0
DA:73,0
DA:75,0
DA:76,0
DA:81,0
LF:31
LH:0
BRDA:11,0,0,0
BRDA:11,0,1,0
BRDA:31,1,0,0
BRDA:31,1,1,0
BRDA:36,2,0,0
BRDA:36,2,1,0
BRDA:36,3,0,0
BRDA:36,3,1,0
BRF:8
BRH:0
end_of_record
TN:
SF:src/scripts/syncDb.js
FN:11,(anonymous_0)
FN:21,(anonymous_1)
FNF:2
FNH:0
FNDA:0,(anonymous_0)
FNDA:0,(anonymous_1)
DA:1,0
DA:2,0
DA:11,0
DA:12,0
DA:14,0
DA:16,0
DA:17,0
DA:18,0
DA:21,0
DA:24,0
DA:27,0
DA:29,0
DA:30,0
DA:32,0
DA:33,0
DA:36,0
DA:38,0
DA:39,0
DA:43,0
LF:19
LH:0
BRDA:16,0,0,0
BRDA:16,0,1,0
BRDA:24,1,0,0
BRDA:24,1,1,0
BRDA:29,2,0,0
BRDA:29,2,1,0
BRF:6
BRH:0
end_of_record
TN:
SF:src/scripts/validateModels.js
FN:9,(anonymous_0)
FNF:1
FNH:0
FNDA:0,(anonymous_0)
DA:1,0
DA:2,0
DA:9,0
DA:10,0
DA:11,0
DA:14,0
DA:24,0
DA:25,0
DA:26,0
DA:27,0
DA:30,0
DA:31,0
DA:32,0
DA:33,0
DA:37,0
DA:38,0
DA:40,0
DA:42,0
DA:43,0
DA:47,0
LF:20
LH:0
BRDA:25,0,0,0
BRDA:25,0,1,0
BRF:2
BRH:0
end_of_record
TN:
SF:src/services/auth.service.js
FN:12,(anonymous_0)
FN:22,(anonymous_1)
FN:31,(anonymous_2)
FN:44,(anonymous_3)
FNF:4
FNH:4
FNDA:1,(anonymous_0)
FNDA:2,(anonymous_1)
FNDA:1,(anonymous_2)
FNDA:2,(anonymous_3)
DA:1,1
DA:2,1
DA:3,1
DA:4,1
DA:5,1
DA:12,1
DA:13,1
DA:22,1
DA:23,2
DA:31,1
DA:32,1
DA:44,1
DA:45,2
DA:46,2
DA:48,1
DA:49,1
LF:16
LH:16
BRF:0
BRH:0
end_of_record
